2015-01-06 09:55:42,536 - [INFO] - from play in pool-4-thread-1 
Listening for HTTP on /0:0:0:0:0:0:0:0:9000

2015-01-06 09:56:27,779 - [INFO] - from application in play-internal-execution-context-1 
Redis Plugin enabled. Connecting to Redis on localhost:6379 to 0 with timeout 2000.

2015-01-06 09:56:27,821 - [INFO] - from application in play-internal-execution-context-1 
Redis Plugin pool configuration: redis.clients.jedis.JedisPoolConfig@53532ad[maxTotal=8,maxIdle=8,minIdle=0,lifo=true,maxWaitMillis=-1,minEvictableIdleTimeMillis=60000,softMinEvictableIdleTimeMillis=1800000,numTestsPerEvictionRun=-1,evictionPolicyClassName=org.apache.commons.pool2.impl.DefaultEvictionPolicy,testOnBorrow=false,testOnReturn=false,testWhileIdle=true,timeBetweenEvictionRunsMillis=30000,blockWhenExhausted=true,jmxEnabled=true,jmxNamePrefix=pool]

2015-01-06 09:56:28,237 - [INFO] - from play in play-internal-execution-context-1 
Application started (Dev)

2015-01-06 10:13:09,489 - [INFO] - from application in play-internal-execution-context-1 
Redis Plugin enabled. Connecting to Redis on localhost:6379 to 0 with timeout 2000.

2015-01-06 10:13:09,489 - [INFO] - from application in play-internal-execution-context-1 
Redis Plugin pool configuration: redis.clients.jedis.JedisPoolConfig@18d0687f[maxTotal=8,maxIdle=8,minIdle=0,lifo=true,maxWaitMillis=-1,minEvictableIdleTimeMillis=60000,softMinEvictableIdleTimeMillis=1800000,numTestsPerEvictionRun=-1,evictionPolicyClassName=org.apache.commons.pool2.impl.DefaultEvictionPolicy,testOnBorrow=false,testOnReturn=false,testWhileIdle=true,timeBetweenEvictionRunsMillis=30000,blockWhenExhausted=true,jmxEnabled=true,jmxNamePrefix=pool]

2015-01-06 10:13:09,518 - [INFO] - from play in play-internal-execution-context-1 
Application started (Dev)

2015-01-06 10:13:31,409 - [INFO] - from play in play-akka.actor.default-dispatcher-10 
Starting application default Akka system.

2015-01-06 10:13:31,420 - [INFO] - from application in play-akka.actor.default-dispatcher-10 
Added bot dummy

2015-01-06 10:13:31,422 - [INFO] - from application in application-akka.actor.default-dispatcher-6 
Initializing bot dummy at /home/s5pan/Projects/df/bots/dummy

2015-01-06 10:13:31,422 - [INFO] - from application in application-akka.actor.default-dispatcher-3 
Initializing bot dummy at /home/s5pan/Projects/df/bots/dummy

2015-01-06 10:13:31,427 - [INFO] - from application in application-akka.actor.default-dispatcher-3 
Loading aiml file: /home/s5pan/Projects/df/bots/dummy/confs/default.aiml

2015-01-06 10:13:31,427 - [INFO] - from application in application-akka.actor.default-dispatcher-6 
Loading aiml file: /home/s5pan/Projects/df/bots/dummy/confs/default.aiml

2015-01-06 10:13:31,466 - [INFO] - from application in play-akka.actor.default-dispatcher-10 
Asking bot dummy for query 你好吗

2015-01-06 10:13:31,474 - [INFO] - from application in application-akka.actor.default-dispatcher-3 
Topic[basic] Categories
[0] Pattern: default.你好吗 That: null Template: 你好

2015-01-06 10:13:31,474 - [INFO] - from application in application-akka.actor.default-dispatcher-6 
Topic[basic] Categories
[0] Pattern: default.你好吗 That: null Template: 你好

2015-01-06 10:13:31,474 - [INFO] - from application in application-akka.actor.default-dispatcher-3 
/home/s5pan/Projects/df/bots/dummy/execs/grams.bin

2015-01-06 10:13:31,474 - [INFO] - from application in application-akka.actor.default-dispatcher-6 
/home/s5pan/Projects/df/bots/dummy/execs/grams.bin

2015-01-06 10:13:31,879 - [INFO] - from application in application-akka.actor.default-dispatcher-6 
Query: 你好吗

2015-01-06 10:13:31,880 - [INFO] - from application in application-akka.actor.default-dispatcher-6 
Match: default.你好吗

2015-01-06 10:13:31,880 - [INFO] - from application in application-akka.actor.default-dispatcher-6 
Pattern: default.你好吗 That: null Template: 你好

